2026-01-29 23:06:22 | INFO | Logger initialized. Saving logs to: ./outputs\2026-01-29_23-06-22_DUMMY\execution.log
2026-01-29 23:06:22 | INFO | 
============================================================
2026-01-29 23:06:22 | INFO | [START] Running in >>> DUMMY <<< mode
2026-01-29 23:06:22 | INFO | [INFO] Saving all results to: ./outputs\2026-01-29_23-06-22_DUMMY
2026-01-29 23:06:22 | INFO | ============================================================

2026-01-29 23:06:22 | INFO | 
========================================
2026-01-29 23:06:22 | INFO | PHASE 1 (DUMMY): OPTIMAL FILTER SEARCH
2026-01-29 23:06:22 | INFO | ========================================
2026-01-29 23:06:22 | INFO | >>> RUN: P1_MNIST_F1 | {'dataset': 'MNIST', 'data_size': 1000, 'epochs': 2, 'time': 3.0, 'time_steps': 3, 'n_filters': 1}
2026-01-29 23:06:28 | INFO | Ep 1 | T.Loss: 2.1021 V.Loss: 1.6175 | V.Acc: 0.6850
2026-01-29 23:06:34 | INFO | Ep 2 | T.Loss: 1.3094 V.Loss: 0.8004 | V.Acc: 0.7900
2026-01-29 23:06:34 | INFO | >>> RUN: P1_MNIST_F2 | {'dataset': 'MNIST', 'data_size': 1000, 'epochs': 2, 'time': 3.0, 'time_steps': 3, 'n_filters': 2}
2026-01-29 23:06:45 | INFO | Ep 1 | T.Loss: 2.0877 V.Loss: 1.0483 | V.Acc: 0.7700
2026-01-29 23:06:56 | INFO | Ep 2 | T.Loss: 0.8308 V.Loss: 0.5650 | V.Acc: 0.8250
2026-01-29 23:06:56 | INFO | --> Best MNIST Filter: 2 (Acc: 0.8250)
2026-01-29 23:06:56 | INFO | >>> RUN: P1_FashionMNIST_F1 | {'dataset': 'FashionMNIST', 'data_size': 1000, 'epochs': 2, 'time': 3.0, 'time_steps': 3, 'n_filters': 1}
2026-01-29 23:07:02 | INFO | Ep 1 | T.Loss: 1.8959 V.Loss: 1.1195 | V.Acc: 0.6150
2026-01-29 23:07:07 | INFO | Ep 2 | T.Loss: 0.9820 V.Loss: 0.8063 | V.Acc: 0.7000
2026-01-29 23:07:07 | INFO | >>> RUN: P1_FashionMNIST_F2 | {'dataset': 'FashionMNIST', 'data_size': 1000, 'epochs': 2, 'time': 3.0, 'time_steps': 3, 'n_filters': 2}
2026-01-29 23:07:18 | INFO | Ep 1 | T.Loss: 1.6382 V.Loss: 1.1280 | V.Acc: 0.5700
