2026-02-15 01:35:30 | INFO | Logger initialized. Saving logs to: ./outputs\2026-02-15_01-35-30_DUMMY\execution.log
2026-02-15 01:35:30 | INFO | 
============================================================
2026-02-15 01:35:30 | INFO | [START] Running Experiment Suite in >>> DUMMY <<< mode
2026-02-15 01:35:30 | INFO | [INFO] All outputs will be saved to: ./outputs\2026-02-15_01-35-30_DUMMY
2026-02-15 01:35:30 | INFO | ============================================================

2026-02-15 01:35:30 | INFO | 
========================================
2026-02-15 01:35:30 | INFO | PHASE 1 (DUMMY): DEEP ANALYSIS (20 EPOCHS)
2026-02-15 01:35:30 | INFO | ========================================
2026-02-15 01:35:30 | INFO | >>> Deep Training MNIST with Config: {'dataset': 'MNIST', 'time': 2.0, 'time_steps': 4, 'n_filters': 3}
2026-02-15 01:35:30 | INFO | >>> START RUN: P1_MNIST_FINAL | Configuration: {'dataset': 'MNIST', 'time': 2.0, 'time_steps': 4, 'n_filters': 3, 'data_size': 100, 'epochs': 3}
2026-02-15 01:36:37 | INFO | Epoch 1 | Train Loss: 2.3098 | Val Loss: 3.1042 | Val Acc: 0.2734
2026-02-15 01:37:59 | INFO | Epoch 2 | Train Loss: 2.6572 | Val Loss: 2.1943 | Val Acc: 0.4202
2026-02-15 01:39:22 | INFO | Epoch 3 | Train Loss: 1.8860 | Val Loss: 1.9196 | Val Acc: 0.2637
2026-02-15 01:39:22 | INFO | [PERSISTENCE] Model saved to: ./outputs\2026-02-15_01-35-30_DUMMY\model_P1_MNIST_DUMMY.pth
2026-02-15 01:39:23 | INFO | >>> Deep Training FashionMNIST with Config: {'dataset': 'FashionMNIST', 'time': 5.0, 'time_steps': 5, 'n_filters': 6}
2026-02-15 01:39:23 | INFO | >>> START RUN: P1_FashionMNIST_FINAL | Configuration: {'dataset': 'FashionMNIST', 'time': 5.0, 'time_steps': 5, 'n_filters': 6, 'data_size': 100, 'epochs': 3}
2026-02-15 01:42:46 | INFO | Epoch 1 | Train Loss: 2.3531 | Val Loss: 4.8019 | Val Acc: 0.4057
2026-02-15 01:46:04 | INFO | Epoch 2 | Train Loss: 2.7713 | Val Loss: 5.7968 | Val Acc: 0.3294
2026-02-15 01:49:18 | INFO | Epoch 3 | Train Loss: 3.9825 | Val Loss: 3.7745 | Val Acc: 0.4469
2026-02-15 01:49:18 | INFO | [PERSISTENCE] Model saved to: ./outputs\2026-02-15_01-35-30_DUMMY\model_P1_FashionMNIST_DUMMY.pth
2026-02-15 01:49:19 | INFO | 
========================================
2026-02-15 01:49:19 | INFO | PHASE 2 (DUMMY): DATA EFFICIENCY
2026-02-15 01:49:19 | INFO | ========================================
2026-02-15 01:49:19 | INFO | >>> Using Optimized Config for MNIST: {'dataset': 'MNIST', 'time': 2.0, 'time_steps': 4, 'n_filters': 3, 'epochs': 5}
2026-02-15 01:49:19 | INFO | >>> START RUN: P2_MNIST_Size_10_Run_1 | Configuration: {'dataset': 'MNIST', 'time': 2.0, 'time_steps': 4, 'n_filters': 3, 'epochs': 5, 'data_size': 10}
2026-02-15 01:50:19 | INFO | Epoch 1 | Train Loss: 2.3088 | Val Loss: 2.8415 | Val Acc: 0.1081
2026-02-15 01:51:26 | INFO | Epoch 2 | Train Loss: 1.6801 | Val Loss: 2.6279 | Val Acc: 0.2451
2026-02-15 01:52:32 | INFO | Epoch 3 | Train Loss: 1.1544 | Val Loss: 2.4441 | Val Acc: 0.4294
2026-02-15 01:53:44 | INFO | Epoch 4 | Train Loss: 0.7392 | Val Loss: 2.5411 | Val Acc: 0.3887
2026-02-15 01:54:58 | INFO | Epoch 5 | Train Loss: 0.4276 | Val Loss: 2.7774 | Val Acc: 0.3452
2026-02-15 01:54:58 | INFO | >>> START RUN: P2_MNIST_Size_10_Run_2 | Configuration: {'dataset': 'MNIST', 'time': 2.0, 'time_steps': 4, 'n_filters': 3, 'epochs': 5, 'data_size': 10}
2026-02-15 01:56:11 | INFO | Epoch 1 | Train Loss: 2.4291 | Val Loss: 8.8825 | Val Acc: 0.1798
2026-02-15 01:57:22 | INFO | Epoch 2 | Train Loss: 4.0207 | Val Loss: 11.5580 | Val Acc: 0.1474
2026-02-15 01:58:30 | INFO | Epoch 3 | Train Loss: 5.0073 | Val Loss: 9.8009 | Val Acc: 0.1038
2026-02-15 01:59:36 | INFO | Epoch 4 | Train Loss: 2.3413 | Val Loss: 9.4182 | Val Acc: 0.1226
2026-02-15 02:00:46 | INFO | Epoch 5 | Train Loss: 2.0225 | Val Loss: 9.9859 | Val Acc: 0.1530
2026-02-15 02:00:46 | INFO | >>> START RUN: P2_MNIST_Size_10_Run_3 | Configuration: {'dataset': 'MNIST', 'time': 2.0, 'time_steps': 4, 'n_filters': 3, 'epochs': 5, 'data_size': 10}
2026-02-15 02:01:52 | INFO | Epoch 1 | Train Loss: 2.3317 | Val Loss: 7.0293 | Val Acc: 0.1552
2026-02-15 02:02:54 | INFO | Epoch 2 | Train Loss: 3.1642 | Val Loss: 6.8045 | Val Acc: 0.1345
2026-02-15 02:03:54 | INFO | Epoch 3 | Train Loss: 1.8086 | Val Loss: 6.9013 | Val Acc: 0.1830
2026-02-15 02:04:54 | INFO | Epoch 4 | Train Loss: 2.1119 | Val Loss: 7.3388 | Val Acc: 0.1361
2026-02-15 02:05:54 | INFO | Epoch 5 | Train Loss: 1.5136 | Val Loss: 7.2609 | Val Acc: 0.2346
2026-02-15 02:05:54 | INFO | >>> START RUN: P2_MNIST_Size_10_Run_4 | Configuration: {'dataset': 'MNIST', 'time': 2.0, 'time_steps': 4, 'n_filters': 3, 'epochs': 5, 'data_size': 10}
2026-02-15 02:06:53 | INFO | Epoch 1 | Train Loss: 2.2965 | Val Loss: 2.6842 | Val Acc: 0.3381
2026-02-15 02:07:52 | INFO | Epoch 2 | Train Loss: 1.0944 | Val Loss: 4.0351 | Val Acc: 0.2826
2026-02-15 02:08:50 | INFO | Epoch 3 | Train Loss: 0.5492 | Val Loss: 5.5758 | Val Acc: 0.2792
2026-02-15 02:09:49 | INFO | Epoch 4 | Train Loss: 0.2740 | Val Loss: 6.9715 | Val Acc: 0.3249
2026-02-15 02:10:48 | INFO | Epoch 5 | Train Loss: 0.1121 | Val Loss: 8.4919 | Val Acc: 0.3436
2026-02-15 02:10:48 | INFO | >>> START RUN: P2_MNIST_Size_10_Run_5 | Configuration: {'dataset': 'MNIST', 'time': 2.0, 'time_steps': 4, 'n_filters': 3, 'epochs': 5, 'data_size': 10}
2026-02-15 02:11:47 | INFO | Epoch 1 | Train Loss: 2.2542 | Val Loss: 4.8365 | Val Acc: 0.1406
2026-02-15 02:12:45 | INFO | Epoch 2 | Train Loss: 1.6400 | Val Loss: 5.5149 | Val Acc: 0.1091
2026-02-15 02:13:44 | INFO | Epoch 3 | Train Loss: 1.6557 | Val Loss: 4.8191 | Val Acc: 0.2161
2026-02-15 02:14:42 | INFO | Epoch 4 | Train Loss: 0.9743 | Val Loss: 4.5446 | Val Acc: 0.2906
2026-02-15 02:15:40 | INFO | Epoch 5 | Train Loss: 0.6967 | Val Loss: 4.2036 | Val Acc: 0.2744
2026-02-15 02:15:40 | INFO | >>> START RUN: P2_MNIST_Size_20_Run_1 | Configuration: {'dataset': 'MNIST', 'time': 2.0, 'time_steps': 4, 'n_filters': 3, 'epochs': 5, 'data_size': 20}
2026-02-15 02:16:38 | INFO | Epoch 1 | Train Loss: 2.3220 | Val Loss: 3.2022 | Val Acc: 0.2451
2026-02-15 02:17:36 | INFO | Epoch 2 | Train Loss: 2.4178 | Val Loss: 2.4656 | Val Acc: 0.2964
2026-02-15 02:18:34 | INFO | Epoch 3 | Train Loss: 1.7025 | Val Loss: 2.0277 | Val Acc: 0.3315
2026-02-15 02:19:32 | INFO | Epoch 4 | Train Loss: 1.3407 | Val Loss: 1.8823 | Val Acc: 0.4491
2026-02-15 02:20:31 | INFO | Epoch 5 | Train Loss: 1.1376 | Val Loss: 1.7168 | Val Acc: 0.5143
2026-02-15 02:20:31 | INFO | >>> START RUN: P2_MNIST_Size_20_Run_2 | Configuration: {'dataset': 'MNIST', 'time': 2.0, 'time_steps': 4, 'n_filters': 3, 'epochs': 5, 'data_size': 20}
2026-02-15 02:21:29 | INFO | Epoch 1 | Train Loss: 2.3721 | Val Loss: 9.9651 | Val Acc: 0.1375
2026-02-15 02:22:27 | INFO | Epoch 2 | Train Loss: 6.8605 | Val Loss: 11.8521 | Val Acc: 0.0974
2026-02-15 02:23:25 | INFO | Epoch 3 | Train Loss: 8.8465 | Val Loss: 7.9418 | Val Acc: 0.1028
2026-02-15 02:24:23 | INFO | Epoch 4 | Train Loss: 4.5879 | Val Loss: 5.7246 | Val Acc: 0.1115
2026-02-15 02:25:21 | INFO | Epoch 5 | Train Loss: 2.7306 | Val Loss: 5.9174 | Val Acc: 0.2761
2026-02-15 02:25:21 | INFO | >>> START RUN: P2_MNIST_Size_20_Run_3 | Configuration: {'dataset': 'MNIST', 'time': 2.0, 'time_steps': 4, 'n_filters': 3, 'epochs': 5, 'data_size': 20}
2026-02-15 02:26:19 | INFO | Epoch 1 | Train Loss: 2.3473 | Val Loss: 7.3859 | Val Acc: 0.1018
2026-02-15 02:27:16 | INFO | Epoch 2 | Train Loss: 4.5480 | Val Loss: 5.8699 | Val Acc: 0.0980
2026-02-15 02:28:15 | INFO | Epoch 3 | Train Loss: 3.6796 | Val Loss: 4.4457 | Val Acc: 0.1395
2026-02-15 02:29:13 | INFO | Epoch 4 | Train Loss: 2.5497 | Val Loss: 4.3177 | Val Acc: 0.2702
2026-02-15 02:30:12 | INFO | Epoch 5 | Train Loss: 2.1553 | Val Loss: 4.3217 | Val Acc: 0.2120
2026-02-15 02:30:12 | INFO | >>> START RUN: P2_MNIST_Size_20_Run_4 | Configuration: {'dataset': 'MNIST', 'time': 2.0, 'time_steps': 4, 'n_filters': 3, 'epochs': 5, 'data_size': 20}
2026-02-15 02:31:10 | INFO | Epoch 1 | Train Loss: 2.2871 | Val Loss: 2.7285 | Val Acc: 0.3195
2026-02-15 02:32:09 | INFO | Epoch 2 | Train Loss: 1.5686 | Val Loss: 2.4531 | Val Acc: 0.3187
2026-02-15 02:33:08 | INFO | Epoch 3 | Train Loss: 1.0048 | Val Loss: 2.3107 | Val Acc: 0.4629
2026-02-15 02:34:07 | INFO | Epoch 4 | Train Loss: 0.7003 | Val Loss: 2.4937 | Val Acc: 0.4760
2026-02-15 02:35:06 | INFO | Epoch 5 | Train Loss: 0.4384 | Val Loss: 2.8225 | Val Acc: 0.4694
2026-02-15 02:35:06 | INFO | >>> START RUN: P2_MNIST_Size_20_Run_5 | Configuration: {'dataset': 'MNIST', 'time': 2.0, 'time_steps': 4, 'n_filters': 3, 'epochs': 5, 'data_size': 20}
2026-02-15 02:36:05 | INFO | Epoch 1 | Train Loss: 2.2739 | Val Loss: 5.2234 | Val Acc: 0.1269
2026-02-15 02:37:03 | INFO | Epoch 2 | Train Loss: 3.3954 | Val Loss: 4.3307 | Val Acc: 0.1079
2026-02-15 02:38:03 | INFO | Epoch 3 | Train Loss: 2.9753 | Val Loss: 2.5993 | Val Acc: 0.2772
2026-02-15 02:39:01 | INFO | Epoch 4 | Train Loss: 1.4802 | Val Loss: 2.1829 | Val Acc: 0.2256
2026-02-15 02:40:00 | INFO | Epoch 5 | Train Loss: 1.1988 | Val Loss: 2.0071 | Val Acc: 0.3999
2026-02-15 02:40:00 | INFO | >>> START RUN: P2_MNIST_Size_50_Run_1 | Configuration: {'dataset': 'MNIST', 'time': 2.0, 'time_steps': 4, 'n_filters': 3, 'epochs': 5, 'data_size': 50}
2026-02-15 02:40:59 | INFO | Epoch 1 | Train Loss: 2.3293 | Val Loss: 3.7335 | Val Acc: 0.2032
2026-02-15 02:41:58 | INFO | Epoch 2 | Train Loss: 2.9963 | Val Loss: 2.4692 | Val Acc: 0.2414
2026-02-15 02:42:56 | INFO | Epoch 3 | Train Loss: 1.9669 | Val Loss: 2.0510 | Val Acc: 0.3641
2026-02-15 02:43:54 | INFO | Epoch 4 | Train Loss: 1.7167 | Val Loss: 1.8762 | Val Acc: 0.5611
2026-02-15 02:44:52 | INFO | Epoch 5 | Train Loss: 1.5232 | Val Loss: 1.7326 | Val Acc: 0.5990
2026-02-15 02:44:52 | INFO | >>> START RUN: P2_MNIST_Size_50_Run_2 | Configuration: {'dataset': 'MNIST', 'time': 2.0, 'time_steps': 4, 'n_filters': 3, 'epochs': 5, 'data_size': 50}
2026-02-15 02:45:50 | INFO | Epoch 1 | Train Loss: 2.3403 | Val Loss: 9.9635 | Val Acc: 0.1287
2026-02-15 02:46:48 | INFO | Epoch 2 | Train Loss: 8.8538 | Val Loss: 9.3966 | Val Acc: 0.1584
2026-02-15 02:47:46 | INFO | Epoch 3 | Train Loss: 8.9366 | Val Loss: 3.3165 | Val Acc: 0.2636
2026-02-15 02:48:44 | INFO | Epoch 4 | Train Loss: 3.0489 | Val Loss: 4.0140 | Val Acc: 0.2912
2026-02-15 02:49:42 | INFO | Epoch 5 | Train Loss: 3.9008 | Val Loss: 4.3093 | Val Acc: 0.1927
2026-02-15 02:49:42 | INFO | >>> START RUN: P2_MNIST_Size_50_Run_3 | Configuration: {'dataset': 'MNIST', 'time': 2.0, 'time_steps': 4, 'n_filters': 3, 'epochs': 5, 'data_size': 50}
2026-02-15 02:50:41 | INFO | Epoch 1 | Train Loss: 2.3408 | Val Loss: 6.7764 | Val Acc: 0.1077
2026-02-15 02:51:40 | INFO | Epoch 2 | Train Loss: 4.8020 | Val Loss: 7.2570 | Val Acc: 0.1957
2026-02-15 02:52:39 | INFO | Epoch 3 | Train Loss: 5.2990 | Val Loss: 4.5392 | Val Acc: 0.1836
2026-02-15 02:53:37 | INFO | Epoch 4 | Train Loss: 3.2171 | Val Loss: 3.9364 | Val Acc: 0.1894
2026-02-15 02:54:35 | INFO | Epoch 5 | Train Loss: 3.0744 | Val Loss: 2.8438 | Val Acc: 0.1191
2026-02-15 02:54:35 | INFO | >>> START RUN: P2_MNIST_Size_50_Run_4 | Configuration: {'dataset': 'MNIST', 'time': 2.0, 'time_steps': 4, 'n_filters': 3, 'epochs': 5, 'data_size': 50}
2026-02-15 02:55:33 | INFO | Epoch 1 | Train Loss: 2.3017 | Val Loss: 2.2715 | Val Acc: 0.3448
2026-02-15 02:56:31 | INFO | Epoch 2 | Train Loss: 1.7991 | Val Loss: 1.8868 | Val Acc: 0.4637
2026-02-15 02:57:29 | INFO | Epoch 3 | Train Loss: 1.3716 | Val Loss: 1.6751 | Val Acc: 0.4792
2026-02-15 02:58:28 | INFO | Epoch 4 | Train Loss: 1.0503 | Val Loss: 1.5234 | Val Acc: 0.4964
2026-02-15 02:59:26 | INFO | Epoch 5 | Train Loss: 0.7895 | Val Loss: 1.3128 | Val Acc: 0.5896
2026-02-15 02:59:26 | INFO | >>> START RUN: P2_MNIST_Size_50_Run_5 | Configuration: {'dataset': 'MNIST', 'time': 2.0, 'time_steps': 4, 'n_filters': 3, 'epochs': 5, 'data_size': 50}
2026-02-15 03:00:24 | INFO | Epoch 1 | Train Loss: 2.3231 | Val Loss: 3.2743 | Val Acc: 0.1546
2026-02-15 03:01:22 | INFO | Epoch 2 | Train Loss: 2.5857 | Val Loss: 2.5199 | Val Acc: 0.2365
2026-02-15 03:02:21 | INFO | Epoch 3 | Train Loss: 1.8671 | Val Loss: 1.9638 | Val Acc: 0.5473
2026-02-15 03:03:19 | INFO | Epoch 4 | Train Loss: 1.5029 | Val Loss: 1.8384 | Val Acc: 0.5746
2026-02-15 03:04:17 | INFO | Epoch 5 | Train Loss: 1.4013 | Val Loss: 1.6920 | Val Acc: 0.5719
2026-02-15 03:04:17 | INFO | >>> START RUN: P2_MNIST_Size_100_Run_1 | Configuration: {'dataset': 'MNIST', 'time': 2.0, 'time_steps': 4, 'n_filters': 3, 'epochs': 5, 'data_size': 100}
2026-02-15 03:05:16 | INFO | Epoch 1 | Train Loss: 2.3098 | Val Loss: 3.1042 | Val Acc: 0.2734
2026-02-15 03:06:15 | INFO | Epoch 2 | Train Loss: 2.6572 | Val Loss: 2.1943 | Val Acc: 0.4202
2026-02-15 03:07:14 | INFO | Epoch 3 | Train Loss: 1.8860 | Val Loss: 1.9196 | Val Acc: 0.2637
2026-02-15 03:08:13 | INFO | Epoch 4 | Train Loss: 1.7717 | Val Loss: 1.7379 | Val Acc: 0.5407
2026-02-15 03:09:12 | INFO | Epoch 5 | Train Loss: 1.5575 | Val Loss: 1.5111 | Val Acc: 0.6978
2026-02-15 03:09:12 | INFO | >>> START RUN: P2_MNIST_Size_100_Run_2 | Configuration: {'dataset': 'MNIST', 'time': 2.0, 'time_steps': 4, 'n_filters': 3, 'epochs': 5, 'data_size': 100}
2026-02-15 03:10:11 | INFO | Epoch 1 | Train Loss: 2.3242 | Val Loss: 7.7155 | Val Acc: 0.1472
2026-02-15 03:11:11 | INFO | Epoch 2 | Train Loss: 6.3611 | Val Loss: 9.1332 | Val Acc: 0.1873
2026-02-15 03:12:10 | INFO | Epoch 3 | Train Loss: 8.6158 | Val Loss: 8.5972 | Val Acc: 0.1032
2026-02-15 03:13:09 | INFO | Epoch 4 | Train Loss: 8.5522 | Val Loss: 4.1521 | Val Acc: 0.1264
2026-02-15 03:14:08 | INFO | Epoch 5 | Train Loss: 4.2277 | Val Loss: 3.4624 | Val Acc: 0.2057
2026-02-15 03:14:08 | INFO | >>> START RUN: P2_MNIST_Size_100_Run_3 | Configuration: {'dataset': 'MNIST', 'time': 2.0, 'time_steps': 4, 'n_filters': 3, 'epochs': 5, 'data_size': 100}
2026-02-15 03:15:07 | INFO | Epoch 1 | Train Loss: 2.3456 | Val Loss: 6.2928 | Val Acc: 0.1326
2026-02-15 03:16:06 | INFO | Epoch 2 | Train Loss: 5.1935 | Val Loss: 6.6338 | Val Acc: 0.1013
2026-02-15 03:17:05 | INFO | Epoch 3 | Train Loss: 5.8896 | Val Loss: 4.7807 | Val Acc: 0.1029
2026-02-15 03:18:04 | INFO | Epoch 4 | Train Loss: 4.6230 | Val Loss: 4.2516 | Val Acc: 0.2229
2026-02-15 03:19:02 | INFO | Epoch 5 | Train Loss: 4.4801 | Val Loss: 3.3118 | Val Acc: 0.2232
2026-02-15 03:19:02 | INFO | >>> START RUN: P2_MNIST_Size_100_Run_4 | Configuration: {'dataset': 'MNIST', 'time': 2.0, 'time_steps': 4, 'n_filters': 3, 'epochs': 5, 'data_size': 100}
2026-02-15 03:20:01 | INFO | Epoch 1 | Train Loss: 2.3045 | Val Loss: 2.1447 | Val Acc: 0.4439
2026-02-15 03:21:00 | INFO | Epoch 2 | Train Loss: 1.8780 | Val Loss: 1.8067 | Val Acc: 0.5774
2026-02-15 03:21:59 | INFO | Epoch 3 | Train Loss: 1.5283 | Val Loss: 1.6334 | Val Acc: 0.5364
2026-02-15 03:22:58 | INFO | Epoch 4 | Train Loss: 1.2141 | Val Loss: 1.3682 | Val Acc: 0.6174
2026-02-15 03:23:57 | INFO | Epoch 5 | Train Loss: 0.9520 | Val Loss: 1.1783 | Val Acc: 0.7017
2026-02-15 03:23:57 | INFO | >>> START RUN: P2_MNIST_Size_100_Run_5 | Configuration: {'dataset': 'MNIST', 'time': 2.0, 'time_steps': 4, 'n_filters': 3, 'epochs': 5, 'data_size': 100}
2026-02-15 03:24:56 | INFO | Epoch 1 | Train Loss: 2.3274 | Val Loss: 3.5227 | Val Acc: 0.2819
2026-02-15 03:25:55 | INFO | Epoch 2 | Train Loss: 2.9412 | Val Loss: 2.5174 | Val Acc: 0.0980
2026-02-15 03:26:53 | INFO | Epoch 3 | Train Loss: 2.0761 | Val Loss: 1.9721 | Val Acc: 0.4275
2026-02-15 03:27:51 | INFO | Epoch 4 | Train Loss: 1.7510 | Val Loss: 1.9057 | Val Acc: 0.3993
2026-02-15 03:28:49 | INFO | Epoch 5 | Train Loss: 1.7369 | Val Loss: 1.7650 | Val Acc: 0.5729
2026-02-15 03:28:49 | INFO | >>> START RUN: P2_MNIST_Size_200_Run_1 | Configuration: {'dataset': 'MNIST', 'time': 2.0, 'time_steps': 4, 'n_filters': 3, 'epochs': 5, 'data_size': 200}
2026-02-15 03:29:49 | INFO | Epoch 1 | Train Loss: 2.7119 | Val Loss: 2.2946 | Val Acc: 0.1400
2026-02-15 03:30:48 | INFO | Epoch 2 | Train Loss: 2.0287 | Val Loss: 1.8384 | Val Acc: 0.4845
2026-02-15 03:31:48 | INFO | Epoch 3 | Train Loss: 1.6634 | Val Loss: 1.6374 | Val Acc: 0.5405
2026-02-15 03:32:47 | INFO | Epoch 4 | Train Loss: 1.4211 | Val Loss: 1.3469 | Val Acc: 0.6008
2026-02-15 03:33:47 | INFO | Epoch 5 | Train Loss: 1.0506 | Val Loss: 1.2552 | Val Acc: 0.6125
2026-02-15 03:33:47 | INFO | >>> START RUN: P2_MNIST_Size_200_Run_2 | Configuration: {'dataset': 'MNIST', 'time': 2.0, 'time_steps': 4, 'n_filters': 3, 'epochs': 5, 'data_size': 200}
2026-02-15 03:34:46 | INFO | Epoch 1 | Train Loss: 5.2776 | Val Loss: 8.4267 | Val Acc: 0.1010
2026-02-15 03:35:45 | INFO | Epoch 2 | Train Loss: 6.2401 | Val Loss: 3.5930 | Val Acc: 0.1638
2026-02-15 03:36:44 | INFO | Epoch 3 | Train Loss: 3.4301 | Val Loss: 3.1589 | Val Acc: 0.3319
2026-02-15 03:37:44 | INFO | Epoch 4 | Train Loss: 2.9484 | Val Loss: 2.4710 | Val Acc: 0.2358
2026-02-15 03:38:43 | INFO | Epoch 5 | Train Loss: 2.1820 | Val Loss: 2.4512 | Val Acc: 0.1578
2026-02-15 03:38:43 | INFO | >>> START RUN: P2_MNIST_Size_200_Run_3 | Configuration: {'dataset': 'MNIST', 'time': 2.0, 'time_steps': 4, 'n_filters': 3, 'epochs': 5, 'data_size': 200}
2026-02-15 03:39:43 | INFO | Epoch 1 | Train Loss: 4.2760 | Val Loss: 6.6440 | Val Acc: 0.1032
2026-02-15 03:40:43 | INFO | Epoch 2 | Train Loss: 5.1204 | Val Loss: 2.8782 | Val Acc: 0.1038
2026-02-15 03:41:45 | INFO | Epoch 3 | Train Loss: 2.7237 | Val Loss: 2.8773 | Val Acc: 0.3528
2026-02-15 03:42:51 | INFO | Epoch 4 | Train Loss: 2.9367 | Val Loss: 2.4452 | Val Acc: 0.3014
2026-02-15 03:43:58 | INFO | Epoch 5 | Train Loss: 2.2071 | Val Loss: 1.7734 | Val Acc: 0.3376
2026-02-15 03:43:58 | INFO | >>> START RUN: P2_MNIST_Size_200_Run_4 | Configuration: {'dataset': 'MNIST', 'time': 2.0, 'time_steps': 4, 'n_filters': 3, 'epochs': 5, 'data_size': 200}
2026-02-15 03:45:23 | INFO | Epoch 1 | Train Loss: 2.2027 | Val Loss: 1.8897 | Val Acc: 0.4844
2026-02-15 03:46:24 | INFO | Epoch 2 | Train Loss: 1.6496 | Val Loss: 1.5644 | Val Acc: 0.4857
2026-02-15 03:47:23 | INFO | Epoch 3 | Train Loss: 1.1623 | Val Loss: 1.1665 | Val Acc: 0.7000
2026-02-15 03:48:23 | INFO | Epoch 4 | Train Loss: 0.8455 | Val Loss: 0.9887 | Val Acc: 0.7236
2026-02-15 03:49:23 | INFO | Epoch 5 | Train Loss: 0.6576 | Val Loss: 0.8908 | Val Acc: 0.7317
2026-02-15 03:49:23 | INFO | >>> START RUN: P2_MNIST_Size_200_Run_5 | Configuration: {'dataset': 'MNIST', 'time': 2.0, 'time_steps': 4, 'n_filters': 3, 'epochs': 5, 'data_size': 200}
2026-02-15 03:50:23 | INFO | Epoch 1 | Train Loss: 2.8543 | Val Loss: 2.3107 | Val Acc: 0.1457
2026-02-15 03:51:22 | INFO | Epoch 2 | Train Loss: 2.0991 | Val Loss: 2.0027 | Val Acc: 0.2297
2026-02-15 03:52:22 | INFO | Epoch 3 | Train Loss: 1.8846 | Val Loss: 1.8624 | Val Acc: 0.3888
2026-02-15 03:53:22 | INFO | Epoch 4 | Train Loss: 1.5670 | Val Loss: 1.5548 | Val Acc: 0.5514
2026-02-15 03:54:22 | INFO | Epoch 5 | Train Loss: 1.2358 | Val Loss: 1.3170 | Val Acc: 0.6140
2026-02-15 03:54:22 | INFO | >>> Using Optimized Config for FashionMNIST: {'dataset': 'FashionMNIST', 'time': 5.0, 'time_steps': 5, 'n_filters': 6, 'epochs': 5}
2026-02-15 03:54:22 | INFO | >>> START RUN: P2_FashionMNIST_Size_10_Run_1 | Configuration: {'dataset': 'FashionMNIST', 'time': 5.0, 'time_steps': 5, 'n_filters': 6, 'epochs': 5, 'data_size': 10}
2026-02-15 03:56:34 | INFO | Epoch 1 | Train Loss: 2.3543 | Val Loss: 8.6420 | Val Acc: 0.2577
2026-02-15 03:58:47 | INFO | Epoch 2 | Train Loss: 1.6530 | Val Loss: 10.7322 | Val Acc: 0.3085
2026-02-15 04:00:59 | INFO | Epoch 3 | Train Loss: 1.3372 | Val Loss: 10.7059 | Val Acc: 0.3391
2026-02-15 04:03:11 | INFO | Epoch 4 | Train Loss: 0.5730 | Val Loss: 10.4844 | Val Acc: 0.3167
2026-02-15 04:05:24 | INFO | Epoch 5 | Train Loss: 0.3850 | Val Loss: 11.0006 | Val Acc: 0.3061
2026-02-15 04:05:24 | INFO | >>> START RUN: P2_FashionMNIST_Size_10_Run_2 | Configuration: {'dataset': 'FashionMNIST', 'time': 5.0, 'time_steps': 5, 'n_filters': 6, 'epochs': 5, 'data_size': 10}
2026-02-15 04:07:38 | INFO | Epoch 1 | Train Loss: 2.3396 | Val Loss: 11.1395 | Val Acc: 0.1402
2026-02-15 04:09:50 | INFO | Epoch 2 | Train Loss: 4.5119 | Val Loss: 9.8551 | Val Acc: 0.1782
2026-02-15 04:12:03 | INFO | Epoch 3 | Train Loss: 2.7790 | Val Loss: 9.5481 | Val Acc: 0.2050
2026-02-15 04:14:23 | INFO | Epoch 4 | Train Loss: 2.2008 | Val Loss: 8.8452 | Val Acc: 0.2181
2026-02-15 04:16:58 | INFO | Epoch 5 | Train Loss: 0.5887 | Val Loss: 10.8847 | Val Acc: 0.2393
2026-02-15 04:16:58 | INFO | >>> START RUN: P2_FashionMNIST_Size_10_Run_3 | Configuration: {'dataset': 'FashionMNIST', 'time': 5.0, 'time_steps': 5, 'n_filters': 6, 'epochs': 5, 'data_size': 10}
2026-02-15 04:19:32 | INFO | Epoch 1 | Train Loss: 2.2982 | Val Loss: 11.2367 | Val Acc: 0.1520
2026-02-15 04:21:51 | INFO | Epoch 2 | Train Loss: 3.5936 | Val Loss: 10.4912 | Val Acc: 0.1487
2026-02-15 04:24:04 | INFO | Epoch 3 | Train Loss: 2.2583 | Val Loss: 8.1537 | Val Acc: 0.3037
2026-02-15 04:26:17 | INFO | Epoch 4 | Train Loss: 1.7161 | Val Loss: 6.8517 | Val Acc: 0.3477
2026-02-15 04:28:29 | INFO | Epoch 5 | Train Loss: 0.7924 | Val Loss: 5.7174 | Val Acc: 0.3616
2026-02-15 04:28:29 | INFO | >>> START RUN: P2_FashionMNIST_Size_10_Run_4 | Configuration: {'dataset': 'FashionMNIST', 'time': 5.0, 'time_steps': 5, 'n_filters': 6, 'epochs': 5, 'data_size': 10}
2026-02-15 04:30:41 | INFO | Epoch 1 | Train Loss: 2.3379 | Val Loss: 4.4589 | Val Acc: 0.2062
2026-02-15 04:32:52 | INFO | Epoch 2 | Train Loss: 1.1279 | Val Loss: 5.3616 | Val Acc: 0.2056
2026-02-15 04:35:04 | INFO | Epoch 3 | Train Loss: 2.0413 | Val Loss: 3.8782 | Val Acc: 0.3395
2026-02-15 04:37:16 | INFO | Epoch 4 | Train Loss: 0.9055 | Val Loss: 3.8660 | Val Acc: 0.3309
2026-02-15 04:39:28 | INFO | Epoch 5 | Train Loss: 0.1996 | Val Loss: 4.6279 | Val Acc: 0.2841
2026-02-15 04:39:29 | INFO | >>> START RUN: P2_FashionMNIST_Size_10_Run_5 | Configuration: {'dataset': 'FashionMNIST', 'time': 5.0, 'time_steps': 5, 'n_filters': 6, 'epochs': 5, 'data_size': 10}
2026-02-15 04:41:41 | INFO | Epoch 1 | Train Loss: 2.2754 | Val Loss: 11.3106 | Val Acc: 0.1351
2026-02-15 04:43:53 | INFO | Epoch 2 | Train Loss: 2.8503 | Val Loss: 15.0175 | Val Acc: 0.2486
2026-02-15 04:46:04 | INFO | Epoch 3 | Train Loss: 4.3991 | Val Loss: 13.9053 | Val Acc: 0.2115
2026-02-15 04:48:16 | INFO | Epoch 4 | Train Loss: 4.2162 | Val Loss: 11.0784 | Val Acc: 0.2142
2026-02-15 04:50:28 | INFO | Epoch 5 | Train Loss: 2.9596 | Val Loss: 7.7054 | Val Acc: 0.2683
2026-02-15 04:50:28 | INFO | >>> START RUN: P2_FashionMNIST_Size_20_Run_1 | Configuration: {'dataset': 'FashionMNIST', 'time': 5.0, 'time_steps': 5, 'n_filters': 6, 'epochs': 5, 'data_size': 20}
2026-02-15 04:52:40 | INFO | Epoch 1 | Train Loss: 2.3604 | Val Loss: 7.9372 | Val Acc: 0.3091
2026-02-15 04:54:52 | INFO | Epoch 2 | Train Loss: 3.3984 | Val Loss: 8.8871 | Val Acc: 0.1974
2026-02-15 04:57:04 | INFO | Epoch 3 | Train Loss: 4.4594 | Val Loss: 6.0774 | Val Acc: 0.2717
2026-02-15 04:59:15 | INFO | Epoch 4 | Train Loss: 1.5223 | Val Loss: 4.2600 | Val Acc: 0.3850
2026-02-15 05:01:27 | INFO | Epoch 5 | Train Loss: 0.8781 | Val Loss: 4.0121 | Val Acc: 0.3468
2026-02-15 05:01:27 | INFO | >>> START RUN: P2_FashionMNIST_Size_20_Run_2 | Configuration: {'dataset': 'FashionMNIST', 'time': 5.0, 'time_steps': 5, 'n_filters': 6, 'epochs': 5, 'data_size': 20}
2026-02-15 05:03:39 | INFO | Epoch 1 | Train Loss: 2.3341 | Val Loss: 10.0365 | Val Acc: 0.1000
2026-02-15 05:05:51 | INFO | Epoch 2 | Train Loss: 5.8484 | Val Loss: 10.5232 | Val Acc: 0.1863
2026-02-15 05:08:04 | INFO | Epoch 3 | Train Loss: 6.3574 | Val Loss: 6.8190 | Val Acc: 0.1927
2026-02-15 05:10:24 | INFO | Epoch 4 | Train Loss: 4.4974 | Val Loss: 4.1565 | Val Acc: 0.2683
2026-02-15 05:12:37 | INFO | Epoch 5 | Train Loss: 3.1088 | Val Loss: 2.4382 | Val Acc: 0.3832
2026-02-15 05:12:37 | INFO | >>> START RUN: P2_FashionMNIST_Size_20_Run_3 | Configuration: {'dataset': 'FashionMNIST', 'time': 5.0, 'time_steps': 5, 'n_filters': 6, 'epochs': 5, 'data_size': 20}
2026-02-15 05:14:49 | INFO | Epoch 1 | Train Loss: 2.3521 | Val Loss: 9.1567 | Val Acc: 0.2009
2026-02-15 05:17:01 | INFO | Epoch 2 | Train Loss: 4.2792 | Val Loss: 8.8300 | Val Acc: 0.2956
2026-02-15 05:19:13 | INFO | Epoch 3 | Train Loss: 3.6108 | Val Loss: 6.6456 | Val Acc: 0.2816
2026-02-15 05:21:25 | INFO | Epoch 4 | Train Loss: 2.4741 | Val Loss: 3.8993 | Val Acc: 0.3446
2026-02-15 05:23:37 | INFO | Epoch 5 | Train Loss: 1.1450 | Val Loss: 4.0504 | Val Acc: 0.2037
2026-02-15 05:23:37 | INFO | >>> START RUN: P2_FashionMNIST_Size_20_Run_4 | Configuration: {'dataset': 'FashionMNIST', 'time': 5.0, 'time_steps': 5, 'n_filters': 6, 'epochs': 5, 'data_size': 20}
2026-02-15 05:25:49 | INFO | Epoch 1 | Train Loss: 2.3351 | Val Loss: 5.1446 | Val Acc: 0.2112
2026-02-15 05:28:01 | INFO | Epoch 2 | Train Loss: 2.2788 | Val Loss: 3.9171 | Val Acc: 0.2148
2026-02-15 05:30:14 | INFO | Epoch 3 | Train Loss: 1.8653 | Val Loss: 2.7702 | Val Acc: 0.2548
2026-02-15 05:32:27 | INFO | Epoch 4 | Train Loss: 1.4018 | Val Loss: 2.7447 | Val Acc: 0.3569
2026-02-15 05:34:38 | INFO | Epoch 5 | Train Loss: 0.4759 | Val Loss: 3.1290 | Val Acc: 0.3562
2026-02-15 05:34:38 | INFO | >>> START RUN: P2_FashionMNIST_Size_20_Run_5 | Configuration: {'dataset': 'FashionMNIST', 'time': 5.0, 'time_steps': 5, 'n_filters': 6, 'epochs': 5, 'data_size': 20}
2026-02-15 05:36:51 | INFO | Epoch 1 | Train Loss: 2.3088 | Val Loss: 11.8318 | Val Acc: 0.1971
2026-02-15 05:39:04 | INFO | Epoch 2 | Train Loss: 5.4138 | Val Loss: 15.6025 | Val Acc: 0.1767
2026-02-15 05:41:16 | INFO | Epoch 3 | Train Loss: 8.1049 | Val Loss: 10.4372 | Val Acc: 0.1354
2026-02-15 05:43:28 | INFO | Epoch 4 | Train Loss: 4.0032 | Val Loss: 9.1626 | Val Acc: 0.1661
2026-02-15 05:45:40 | INFO | Epoch 5 | Train Loss: 5.4368 | Val Loss: 7.7716 | Val Acc: 0.1725
2026-02-15 05:45:40 | INFO | >>> START RUN: P2_FashionMNIST_Size_50_Run_1 | Configuration: {'dataset': 'FashionMNIST', 'time': 5.0, 'time_steps': 5, 'n_filters': 6, 'epochs': 5, 'data_size': 50}
2026-02-15 05:47:54 | INFO | Epoch 1 | Train Loss: 2.3716 | Val Loss: 6.4306 | Val Acc: 0.3272
2026-02-15 05:50:07 | INFO | Epoch 2 | Train Loss: 4.0425 | Val Loss: 6.2737 | Val Acc: 0.2199
2026-02-15 05:52:20 | INFO | Epoch 3 | Train Loss: 3.6443 | Val Loss: 4.0240 | Val Acc: 0.3704
2026-02-15 05:54:34 | INFO | Epoch 4 | Train Loss: 2.1308 | Val Loss: 3.1260 | Val Acc: 0.4170
2026-02-15 05:56:54 | INFO | Epoch 5 | Train Loss: 1.3597 | Val Loss: 2.6866 | Val Acc: 0.4654
2026-02-15 05:56:54 | INFO | >>> START RUN: P2_FashionMNIST_Size_50_Run_2 | Configuration: {'dataset': 'FashionMNIST', 'time': 5.0, 'time_steps': 5, 'n_filters': 6, 'epochs': 5, 'data_size': 50}
2026-02-15 05:59:07 | INFO | Epoch 1 | Train Loss: 2.3194 | Val Loss: 9.9682 | Val Acc: 0.1008
2026-02-15 06:01:21 | INFO | Epoch 2 | Train Loss: 7.3308 | Val Loss: 7.9307 | Val Acc: 0.2389
2026-02-15 06:03:34 | INFO | Epoch 3 | Train Loss: 6.5462 | Val Loss: 3.4172 | Val Acc: 0.3349
2026-02-15 06:05:47 | INFO | Epoch 4 | Train Loss: 3.0318 | Val Loss: 3.4954 | Val Acc: 0.2059
2026-02-15 06:08:00 | INFO | Epoch 5 | Train Loss: 3.4547 | Val Loss: 2.4072 | Val Acc: 0.2929
2026-02-15 06:08:00 | INFO | >>> START RUN: P2_FashionMNIST_Size_50_Run_3 | Configuration: {'dataset': 'FashionMNIST', 'time': 5.0, 'time_steps': 5, 'n_filters': 6, 'epochs': 5, 'data_size': 50}
2026-02-15 06:10:14 | INFO | Epoch 1 | Train Loss: 2.3492 | Val Loss: 9.8238 | Val Acc: 0.1871
2026-02-15 06:12:27 | INFO | Epoch 2 | Train Loss: 6.2783 | Val Loss: 7.6934 | Val Acc: 0.2491
2026-02-15 06:14:41 | INFO | Epoch 3 | Train Loss: 4.7225 | Val Loss: 4.3891 | Val Acc: 0.2901
2026-02-15 06:16:55 | INFO | Epoch 4 | Train Loss: 2.8864 | Val Loss: 3.1089 | Val Acc: 0.1974
2026-02-15 06:19:08 | INFO | Epoch 5 | Train Loss: 2.8190 | Val Loss: 2.3360 | Val Acc: 0.3537
2026-02-15 06:19:08 | INFO | >>> START RUN: P2_FashionMNIST_Size_50_Run_4 | Configuration: {'dataset': 'FashionMNIST', 'time': 5.0, 'time_steps': 5, 'n_filters': 6, 'epochs': 5, 'data_size': 50}
2026-02-15 06:21:22 | INFO | Epoch 1 | Train Loss: 2.2976 | Val Loss: 5.8286 | Val Acc: 0.2495
2026-02-15 06:23:36 | INFO | Epoch 2 | Train Loss: 4.6812 | Val Loss: 3.5261 | Val Acc: 0.1950
2026-02-15 06:25:49 | INFO | Epoch 3 | Train Loss: 3.3117 | Val Loss: 4.3671 | Val Acc: 0.2151
2026-02-15 06:28:03 | INFO | Epoch 4 | Train Loss: 4.3599 | Val Loss: 2.7892 | Val Acc: 0.2620
2026-02-15 06:30:16 | INFO | Epoch 5 | Train Loss: 2.2579 | Val Loss: 1.5883 | Val Acc: 0.4997
2026-02-15 06:30:16 | INFO | >>> START RUN: P2_FashionMNIST_Size_50_Run_5 | Configuration: {'dataset': 'FashionMNIST', 'time': 5.0, 'time_steps': 5, 'n_filters': 6, 'epochs': 5, 'data_size': 50}
2026-02-15 06:32:29 | INFO | Epoch 1 | Train Loss: 2.3129 | Val Loss: 10.7255 | Val Acc: 0.2097
2026-02-15 06:34:42 | INFO | Epoch 2 | Train Loss: 8.5596 | Val Loss: 12.6433 | Val Acc: 0.1356
2026-02-15 06:36:56 | INFO | Epoch 3 | Train Loss: 10.6503 | Val Loss: 9.1195 | Val Acc: 0.1001
2026-02-15 06:39:09 | INFO | Epoch 4 | Train Loss: 7.7199 | Val Loss: 4.8263 | Val Acc: 0.3239
2026-02-15 06:41:22 | INFO | Epoch 5 | Train Loss: 4.5260 | Val Loss: 4.2407 | Val Acc: 0.1948
2026-02-15 06:41:22 | INFO | >>> START RUN: P2_FashionMNIST_Size_100_Run_1 | Configuration: {'dataset': 'FashionMNIST', 'time': 5.0, 'time_steps': 5, 'n_filters': 6, 'epochs': 5, 'data_size': 100}
2026-02-15 06:43:37 | INFO | Epoch 1 | Train Loss: 2.3531 | Val Loss: 4.8019 | Val Acc: 0.4057
2026-02-15 06:45:52 | INFO | Epoch 2 | Train Loss: 2.7713 | Val Loss: 5.7968 | Val Acc: 0.3294
2026-02-15 06:48:07 | INFO | Epoch 3 | Train Loss: 3.9825 | Val Loss: 3.7745 | Val Acc: 0.4469
2026-02-15 06:50:21 | INFO | Epoch 4 | Train Loss: 2.1435 | Val Loss: 2.9166 | Val Acc: 0.5305
2026-02-15 06:52:37 | INFO | Epoch 5 | Train Loss: 1.7222 | Val Loss: 2.6842 | Val Acc: 0.3573
2026-02-15 06:52:37 | INFO | >>> START RUN: P2_FashionMNIST_Size_100_Run_2 | Configuration: {'dataset': 'FashionMNIST', 'time': 5.0, 'time_steps': 5, 'n_filters': 6, 'epochs': 5, 'data_size': 100}
2026-02-15 06:54:52 | INFO | Epoch 1 | Train Loss: 2.3203 | Val Loss: 9.6169 | Val Acc: 0.1220
2026-02-15 06:57:06 | INFO | Epoch 2 | Train Loss: 7.4232 | Val Loss: 7.2221 | Val Acc: 0.2547
2026-02-15 06:59:21 | INFO | Epoch 3 | Train Loss: 6.0205 | Val Loss: 5.9149 | Val Acc: 0.1000
2026-02-15 07:01:36 | INFO | Epoch 4 | Train Loss: 5.5723 | Val Loss: 4.4422 | Val Acc: 0.1952
2026-02-15 07:03:51 | INFO | Epoch 5 | Train Loss: 4.7761 | Val Loss: 3.1187 | Val Acc: 0.3409
2026-02-15 07:03:51 | INFO | >>> START RUN: P2_FashionMNIST_Size_100_Run_3 | Configuration: {'dataset': 'FashionMNIST', 'time': 5.0, 'time_steps': 5, 'n_filters': 6, 'epochs': 5, 'data_size': 100}
2026-02-15 07:06:06 | INFO | Epoch 1 | Train Loss: 2.3536 | Val Loss: 7.1697 | Val Acc: 0.1999
2026-02-15 07:08:21 | INFO | Epoch 2 | Train Loss: 5.1537 | Val Loss: 5.0626 | Val Acc: 0.3008
2026-02-15 07:10:36 | INFO | Epoch 3 | Train Loss: 3.7089 | Val Loss: 3.4517 | Val Acc: 0.3903
2026-02-15 07:12:51 | INFO | Epoch 4 | Train Loss: 2.9394 | Val Loss: 2.9654 | Val Acc: 0.2315
2026-02-15 07:15:05 | INFO | Epoch 5 | Train Loss: 2.8584 | Val Loss: 1.8234 | Val Acc: 0.4301
2026-02-15 07:15:05 | INFO | >>> START RUN: P2_FashionMNIST_Size_100_Run_4 | Configuration: {'dataset': 'FashionMNIST', 'time': 5.0, 'time_steps': 5, 'n_filters': 6, 'epochs': 5, 'data_size': 100}
2026-02-15 07:17:20 | INFO | Epoch 1 | Train Loss: 2.3037 | Val Loss: 5.1412 | Val Acc: 0.2170
2026-02-15 07:19:35 | INFO | Epoch 2 | Train Loss: 4.2868 | Val Loss: 3.8306 | Val Acc: 0.1444
2026-02-15 07:21:50 | INFO | Epoch 3 | Train Loss: 3.5864 | Val Loss: 2.9094 | Val Acc: 0.2649
2026-02-15 07:24:05 | INFO | Epoch 4 | Train Loss: 2.9140 | Val Loss: 1.6733 | Val Acc: 0.5375
2026-02-15 07:26:20 | INFO | Epoch 5 | Train Loss: 1.5275 | Val Loss: 1.6397 | Val Acc: 0.4879
2026-02-15 07:26:20 | INFO | >>> START RUN: P2_FashionMNIST_Size_100_Run_5 | Configuration: {'dataset': 'FashionMNIST', 'time': 5.0, 'time_steps': 5, 'n_filters': 6, 'epochs': 5, 'data_size': 100}
2026-02-15 07:28:34 | INFO | Epoch 1 | Train Loss: 2.3001 | Val Loss: 7.5513 | Val Acc: 0.1508
2026-02-15 07:30:49 | INFO | Epoch 2 | Train Loss: 6.3817 | Val Loss: 5.4608 | Val Acc: 0.2239
2026-02-15 07:33:04 | INFO | Epoch 3 | Train Loss: 4.1397 | Val Loss: 6.5819 | Val Acc: 0.3082
2026-02-15 07:35:20 | INFO | Epoch 4 | Train Loss: 5.4007 | Val Loss: 5.2028 | Val Acc: 0.3221
2026-02-15 07:37:34 | INFO | Epoch 5 | Train Loss: 4.3623 | Val Loss: 3.8824 | Val Acc: 0.1976
2026-02-15 07:37:34 | INFO | >>> START RUN: P2_FashionMNIST_Size_200_Run_1 | Configuration: {'dataset': 'FashionMNIST', 'time': 5.0, 'time_steps': 5, 'n_filters': 6, 'epochs': 5, 'data_size': 200}
2026-02-15 07:39:54 | INFO | Epoch 1 | Train Loss: 3.4341 | Val Loss: 4.8233 | Val Acc: 0.3182
2026-02-15 07:42:14 | INFO | Epoch 2 | Train Loss: 2.9477 | Val Loss: 2.3489 | Val Acc: 0.3965
2026-02-15 07:44:33 | INFO | Epoch 3 | Train Loss: 2.3635 | Val Loss: 1.8154 | Val Acc: 0.4056
2026-02-15 07:46:52 | INFO | Epoch 4 | Train Loss: 1.6184 | Val Loss: 1.5547 | Val Acc: 0.5782
2026-02-15 07:49:12 | INFO | Epoch 5 | Train Loss: 1.3855 | Val Loss: 1.6808 | Val Acc: 0.5894
2026-02-15 07:49:12 | INFO | >>> START RUN: P2_FashionMNIST_Size_200_Run_2 | Configuration: {'dataset': 'FashionMNIST', 'time': 5.0, 'time_steps': 5, 'n_filters': 6, 'epochs': 5, 'data_size': 200}
2026-02-15 07:51:32 | INFO | Epoch 1 | Train Loss: 4.9815 | Val Loss: 7.2016 | Val Acc: 0.1526
2026-02-15 07:53:52 | INFO | Epoch 2 | Train Loss: 6.5270 | Val Loss: 3.3794 | Val Acc: 0.4112
2026-02-15 07:56:11 | INFO | Epoch 3 | Train Loss: 3.5092 | Val Loss: 2.1980 | Val Acc: 0.3617
2026-02-15 07:58:30 | INFO | Epoch 4 | Train Loss: 2.1004 | Val Loss: 2.7779 | Val Acc: 0.2843
2026-02-15 08:00:49 | INFO | Epoch 5 | Train Loss: 2.5879 | Val Loss: 1.9632 | Val Acc: 0.4526
2026-02-15 08:00:49 | INFO | >>> START RUN: P2_FashionMNIST_Size_200_Run_3 | Configuration: {'dataset': 'FashionMNIST', 'time': 5.0, 'time_steps': 5, 'n_filters': 6, 'epochs': 5, 'data_size': 200}
2026-02-15 08:03:09 | INFO | Epoch 1 | Train Loss: 3.4360 | Val Loss: 5.1527 | Val Acc: 0.1968
2026-02-15 08:05:28 | INFO | Epoch 2 | Train Loss: 4.7141 | Val Loss: 4.4068 | Val Acc: 0.2508
2026-02-15 08:07:48 | INFO | Epoch 3 | Train Loss: 3.6924 | Val Loss: 2.0082 | Val Acc: 0.4286
2026-02-15 08:10:07 | INFO | Epoch 4 | Train Loss: 1.4449 | Val Loss: 1.9119 | Val Acc: 0.4937
2026-02-15 08:12:27 | INFO | Epoch 5 | Train Loss: 1.4474 | Val Loss: 1.4326 | Val Acc: 0.5277
2026-02-15 08:12:27 | INFO | >>> START RUN: P2_FashionMNIST_Size_200_Run_4 | Configuration: {'dataset': 'FashionMNIST', 'time': 5.0, 'time_steps': 5, 'n_filters': 6, 'epochs': 5, 'data_size': 200}
2026-02-15 08:14:46 | INFO | Epoch 1 | Train Loss: 3.1501 | Val Loss: 1.7200 | Val Acc: 0.4285
2026-02-15 08:17:05 | INFO | Epoch 2 | Train Loss: 2.7618 | Val Loss: 1.6811 | Val Acc: 0.5172
2026-02-15 08:19:24 | INFO | Epoch 3 | Train Loss: 1.8547 | Val Loss: 2.1518 | Val Acc: 0.5043
2026-02-15 08:21:43 | INFO | Epoch 4 | Train Loss: 1.7501 | Val Loss: 1.2306 | Val Acc: 0.6135
2026-02-15 08:24:03 | INFO | Epoch 5 | Train Loss: 1.0550 | Val Loss: 1.2684 | Val Acc: 0.5753
2026-02-15 08:24:03 | INFO | >>> START RUN: P2_FashionMNIST_Size_200_Run_5 | Configuration: {'dataset': 'FashionMNIST', 'time': 5.0, 'time_steps': 5, 'n_filters': 6, 'epochs': 5, 'data_size': 200}
2026-02-15 08:26:22 | INFO | Epoch 1 | Train Loss: 4.6549 | Val Loss: 7.7316 | Val Acc: 0.2903
2026-02-15 08:28:41 | INFO | Epoch 2 | Train Loss: 6.1313 | Val Loss: 5.4483 | Val Acc: 0.2103
2026-02-15 08:31:00 | INFO | Epoch 3 | Train Loss: 5.2230 | Val Loss: 2.9009 | Val Acc: 0.4404
2026-02-15 08:33:19 | INFO | Epoch 4 | Train Loss: 2.6635 | Val Loss: 2.7502 | Val Acc: 0.3968
2026-02-15 08:35:38 | INFO | Epoch 5 | Train Loss: 2.0856 | Val Loss: 1.7934 | Val Acc: 0.4716
2026-02-15 08:35:38 | INFO | 
========================================
2026-02-15 08:35:38 | INFO | PHASE 3 (DUMMY): BINARY STABILITY
2026-02-15 08:35:38 | INFO | ========================================
2026-02-15 08:35:38 | INFO | >>> PROCESSING: MNIST (Binary)
2026-02-15 08:35:39 | INFO | >>> START RUN: P3_MNIST_Run_1 | Configuration: {'dataset': 'MNIST', 'data_size': 'fullset', 'epochs': 1, 'batch_size': 25, 'n_filters': 1, 'time': 1.0, 'time_steps': 1, 'binary_mode': True}
2026-02-15 08:35:59 | INFO | Epoch 1 | Train Loss: 0.1732 | Val Loss: 0.0092 | Val Acc: 0.9991
2026-02-15 08:35:59 | INFO | >>> START RUN: P3_MNIST_Run_2 | Configuration: {'dataset': 'MNIST', 'data_size': 'fullset', 'epochs': 1, 'batch_size': 25, 'n_filters': 1, 'time': 1.0, 'time_steps': 1, 'binary_mode': True}
2026-02-15 08:36:20 | INFO | Epoch 1 | Train Loss: 0.1732 | Val Loss: 0.0092 | Val Acc: 0.9991
2026-02-15 08:36:20 | INFO | >>> START RUN: P3_MNIST_Run_3 | Configuration: {'dataset': 'MNIST', 'data_size': 'fullset', 'epochs': 1, 'batch_size': 25, 'n_filters': 1, 'time': 1.0, 'time_steps': 1, 'binary_mode': True}
2026-02-15 08:36:40 | INFO | Epoch 1 | Train Loss: 0.1732 | Val Loss: 0.0092 | Val Acc: 0.9991
2026-02-15 08:36:40 | INFO | >>> START RUN: P3_MNIST_Run_4 | Configuration: {'dataset': 'MNIST', 'data_size': 'fullset', 'epochs': 1, 'batch_size': 25, 'n_filters': 1, 'time': 1.0, 'time_steps': 1, 'binary_mode': True}
2026-02-15 08:37:00 | INFO | Epoch 1 | Train Loss: 0.1732 | Val Loss: 0.0092 | Val Acc: 0.9991
2026-02-15 08:37:00 | INFO | >>> START RUN: P3_MNIST_Run_5 | Configuration: {'dataset': 'MNIST', 'data_size': 'fullset', 'epochs': 1, 'batch_size': 25, 'n_filters': 1, 'time': 1.0, 'time_steps': 1, 'binary_mode': True}
2026-02-15 08:37:20 | INFO | Epoch 1 | Train Loss: 0.1732 | Val Loss: 0.0092 | Val Acc: 0.9991
2026-02-15 08:37:20 | INFO | Result for MNIST -> Accuracy: 99.91 +- 0.00%
2026-02-15 08:37:20 | INFO | >>> PROCESSING: FashionMNIST (Binary)
2026-02-15 08:37:20 | INFO | >>> START RUN: P3_FashionMNIST_Run_1 | Configuration: {'dataset': 'FashionMNIST', 'data_size': 'fullset', 'epochs': 1, 'batch_size': 25, 'n_filters': 1, 'time': 1.0, 'time_steps': 1, 'binary_mode': True}
2026-02-15 08:37:40 | INFO | Epoch 1 | Train Loss: 0.2734 | Val Loss: 0.0967 | Val Acc: 0.9620
2026-02-15 08:37:40 | INFO | >>> START RUN: P3_FashionMNIST_Run_2 | Configuration: {'dataset': 'FashionMNIST', 'data_size': 'fullset', 'epochs': 1, 'batch_size': 25, 'n_filters': 1, 'time': 1.0, 'time_steps': 1, 'binary_mode': True}
2026-02-15 08:38:00 | INFO | Epoch 1 | Train Loss: 0.2734 | Val Loss: 0.0967 | Val Acc: 0.9620
2026-02-15 08:38:00 | INFO | >>> START RUN: P3_FashionMNIST_Run_3 | Configuration: {'dataset': 'FashionMNIST', 'data_size': 'fullset', 'epochs': 1, 'batch_size': 25, 'n_filters': 1, 'time': 1.0, 'time_steps': 1, 'binary_mode': True}
2026-02-15 08:38:20 | INFO | Epoch 1 | Train Loss: 0.2734 | Val Loss: 0.0967 | Val Acc: 0.9620
2026-02-15 08:38:20 | INFO | >>> START RUN: P3_FashionMNIST_Run_4 | Configuration: {'dataset': 'FashionMNIST', 'data_size': 'fullset', 'epochs': 1, 'batch_size': 25, 'n_filters': 1, 'time': 1.0, 'time_steps': 1, 'binary_mode': True}
2026-02-15 08:38:40 | INFO | Epoch 1 | Train Loss: 0.2734 | Val Loss: 0.0967 | Val Acc: 0.9620
2026-02-15 08:38:41 | INFO | >>> START RUN: P3_FashionMNIST_Run_5 | Configuration: {'dataset': 'FashionMNIST', 'data_size': 'fullset', 'epochs': 1, 'batch_size': 25, 'n_filters': 1, 'time': 1.0, 'time_steps': 1, 'binary_mode': True}
2026-02-15 08:39:01 | INFO | Epoch 1 | Train Loss: 0.2734 | Val Loss: 0.0967 | Val Acc: 0.9620
2026-02-15 08:39:01 | INFO | Result for FashionMNIST -> Accuracy: 96.20 +- 0.00%
2026-02-15 08:39:01 | INFO | [PERSISTENCE] Full data saved to ./outputs\2026-02-15_01-35-30_DUMMY\final_results_DUMMY.json
2026-02-15 08:39:01 | INFO | 
[FINISH] All experiments completed. Results saved in ./outputs\2026-02-15_01-35-30_DUMMY
