2026-02-02 00:55:52 | INFO | Logger initialized. Saving logs to: ./outputs\2026-02-02_00-55-52_DUMMY\execution.log
2026-02-02 00:55:52 | INFO | 
============================================================
2026-02-02 00:55:52 | INFO | [START] Running Experiment Suite in >>> DUMMY <<< mode
2026-02-02 00:55:52 | INFO | [INFO] All outputs will be saved to: ./outputs\2026-02-02_00-55-52_DUMMY
2026-02-02 00:55:52 | INFO | ============================================================

2026-02-02 00:55:52 | INFO | 
========================================
2026-02-02 00:55:52 | INFO | PHASE 1 (DUMMY): OPTIMAL FILTER SEARCH
2026-02-02 00:55:52 | INFO | ========================================
2026-02-02 00:55:52 | INFO | >>> START RUN: P1_MNIST_F1 | Configuration: {'dataset': 'MNIST', 'data_size': 1000, 'epochs': 2, 'time': 3.0, 'time_steps': 3, 'n_filters': 1}
2026-02-02 00:55:55 | INFO | Epoch 1 | Train Loss: 2.3033 | Val Loss: 2.0097 | Val Acc: 0.6500
2026-02-02 00:55:59 | INFO | Epoch 2 | Train Loss: 1.8713 | Val Loss: 1.5782 | Val Acc: 0.7250
2026-02-02 00:55:59 | INFO | >>> START RUN: P1_MNIST_F2 | Configuration: {'dataset': 'MNIST', 'data_size': 1000, 'epochs': 2, 'time': 3.0, 'time_steps': 3, 'n_filters': 2}
2026-02-02 00:56:09 | INFO | Epoch 1 | Train Loss: 2.2483 | Val Loss: 1.6245 | Val Acc: 0.5500
2026-02-02 00:56:18 | INFO | Epoch 2 | Train Loss: 1.2080 | Val Loss: 0.8298 | Val Acc: 0.8050
2026-02-02 00:56:18 | INFO | --> Best MNIST Filter: 2 (Acc: 0.8050)
2026-02-02 00:56:19 | INFO | >>> START RUN: P1_FashionMNIST_F1 | Configuration: {'dataset': 'FashionMNIST', 'data_size': 1000, 'epochs': 2, 'time': 3.0, 'time_steps': 3, 'n_filters': 1}
2026-02-02 00:56:23 | INFO | Epoch 1 | Train Loss: 2.1019 | Val Loss: 1.5029 | Val Acc: 0.5900
2026-02-02 00:56:28 | INFO | Epoch 2 | Train Loss: 1.1731 | Val Loss: 0.9425 | Val Acc: 0.6450
2026-02-02 00:56:28 | INFO | >>> START RUN: P1_FashionMNIST_F2 | Configuration: {'dataset': 'FashionMNIST', 'data_size': 1000, 'epochs': 2, 'time': 3.0, 'time_steps': 3, 'n_filters': 2}
2026-02-02 00:56:37 | INFO | Epoch 1 | Train Loss: 1.7557 | Val Loss: 1.3285 | Val Acc: 0.5700
2026-02-02 00:56:45 | INFO | Epoch 2 | Train Loss: 1.0890 | Val Loss: 0.9081 | Val Acc: 0.6600
2026-02-02 00:56:45 | INFO | --> Best FashionMNIST Filter: 2 (Acc: 0.6600)
2026-02-02 00:56:46 | INFO | 
========================================
2026-02-02 00:56:46 | INFO | PHASE 2 (DUMMY): DYNAMICS GRID SEARCH
2026-02-02 00:56:46 | INFO | ========================================
2026-02-02 00:56:46 | INFO | >>> Dataset MNIST: Locking n_filters=2
2026-02-02 00:56:46 | INFO | >>> START RUN: P2_MNIST_T1.0_S1_F2 | Configuration: {'dataset': 'MNIST', 'data_size': 1000, 'epochs': 3, 'time': 1.0, 'time_steps': 1, 'n_filters': 2}
2026-02-02 00:56:50 | INFO | Epoch 1 | Train Loss: 8.2064 | Val Loss: 7.3258 | Val Acc: 0.1550
2026-02-02 00:56:54 | INFO | Epoch 2 | Train Loss: 5.0695 | Val Loss: 3.2099 | Val Acc: 0.3500
2026-02-02 00:56:58 | INFO | Epoch 3 | Train Loss: 2.3959 | Val Loss: 2.0669 | Val Acc: 0.4100
2026-02-02 00:56:58 | INFO | >>> START RUN: P2_MNIST_T1.0_S2_F2 | Configuration: {'dataset': 'MNIST', 'data_size': 1000, 'epochs': 3, 'time': 1.0, 'time_steps': 2, 'n_filters': 2}
2026-02-02 00:57:05 | INFO | Epoch 1 | Train Loss: 8.7935 | Val Loss: 7.3743 | Val Acc: 0.1850
2026-02-02 00:57:13 | INFO | Epoch 2 | Train Loss: 5.0918 | Val Loss: 2.3539 | Val Acc: 0.3800
2026-02-02 00:57:20 | INFO | Epoch 3 | Train Loss: 1.6648 | Val Loss: 1.4165 | Val Acc: 0.5400
2026-02-02 00:57:20 | INFO | --> Best MNIST P2 Config: {'dataset': 'MNIST', 'data_size': 1000, 'epochs': 3, 'time': 1.0, 'time_steps': 2, 'n_filters': 2}
2026-02-02 00:57:21 | INFO | >>> Dataset FashionMNIST: Locking n_filters=2
2026-02-02 00:57:21 | INFO | >>> START RUN: P2_FashionMNIST_T1.0_S1_F2 | Configuration: {'dataset': 'FashionMNIST', 'data_size': 1000, 'epochs': 3, 'time': 1.0, 'time_steps': 1, 'n_filters': 2}
2026-02-02 00:57:25 | INFO | Epoch 1 | Train Loss: 5.8797 | Val Loss: 4.7450 | Val Acc: 0.2850
2026-02-02 00:57:29 | INFO | Epoch 2 | Train Loss: 3.6053 | Val Loss: 2.6453 | Val Acc: 0.3850
2026-02-02 00:57:34 | INFO | Epoch 3 | Train Loss: 1.9920 | Val Loss: 1.6376 | Val Acc: 0.5400
2026-02-02 00:57:34 | INFO | >>> START RUN: P2_FashionMNIST_T1.0_S2_F2 | Configuration: {'dataset': 'FashionMNIST', 'data_size': 1000, 'epochs': 3, 'time': 1.0, 'time_steps': 2, 'n_filters': 2}
2026-02-02 00:57:41 | INFO | Epoch 1 | Train Loss: 5.5697 | Val Loss: 3.4971 | Val Acc: 0.2400
2026-02-02 00:57:47 | INFO | Epoch 2 | Train Loss: 2.3527 | Val Loss: 1.2858 | Val Acc: 0.5400
2026-02-02 00:57:54 | INFO | Epoch 3 | Train Loss: 1.2004 | Val Loss: 1.0641 | Val Acc: 0.6150
2026-02-02 00:57:54 | INFO | --> Best FashionMNIST P2 Config: {'dataset': 'FashionMNIST', 'data_size': 1000, 'epochs': 3, 'time': 1.0, 'time_steps': 2, 'n_filters': 2}
2026-02-02 00:57:55 | INFO | 
========================================
2026-02-02 00:57:55 | INFO | PHASE 3 (DUMMY): DEEP ANALYSIS (20 EPOCHS)
2026-02-02 00:57:55 | INFO | ========================================
2026-02-02 00:57:55 | INFO | >>> Deep Training MNIST with Config: {'dataset': 'MNIST', 'data_size': 1000, 'epochs': 3, 'time': 1.0, 'time_steps': 2, 'n_filters': 2}
2026-02-02 00:57:55 | INFO | >>> START RUN: P3_MNIST_FINAL | Configuration: {'dataset': 'MNIST', 'data_size': 1000, 'epochs': 5, 'time': 1.0, 'time_steps': 2, 'n_filters': 2}
2026-02-02 00:58:08 | INFO | Epoch 1 | Train Loss: 8.7935 | Val Loss: 7.3743 | Val Acc: 0.1850
2026-02-02 00:58:20 | INFO | Epoch 2 | Train Loss: 5.1799 | Val Loss: 2.4560 | Val Acc: 0.3600
2026-02-02 00:58:33 | INFO | Epoch 3 | Train Loss: 1.7136 | Val Loss: 1.4289 | Val Acc: 0.5050
2026-02-02 00:58:45 | INFO | Epoch 4 | Train Loss: 1.4022 | Val Loss: 1.2355 | Val Acc: 0.7100
2026-02-02 00:58:58 | INFO | Epoch 5 | Train Loss: 1.1849 | Val Loss: 1.0104 | Val Acc: 0.7400
2026-02-02 00:58:58 | INFO | [PERSISTENCE] Model saved to: ./outputs\2026-02-02_00-55-52_DUMMY\model_P3_MNIST_DUMMY.pth
2026-02-02 00:58:59 | INFO | >>> Deep Training FashionMNIST with Config: {'dataset': 'FashionMNIST', 'data_size': 1000, 'epochs': 3, 'time': 1.0, 'time_steps': 2, 'n_filters': 2}
2026-02-02 00:58:59 | INFO | >>> START RUN: P3_FashionMNIST_FINAL | Configuration: {'dataset': 'FashionMNIST', 'data_size': 1000, 'epochs': 5, 'time': 1.0, 'time_steps': 2, 'n_filters': 2}
2026-02-02 00:59:11 | INFO | Epoch 1 | Train Loss: 5.5697 | Val Loss: 3.4971 | Val Acc: 0.2400
2026-02-02 00:59:24 | INFO | Epoch 2 | Train Loss: 2.1771 | Val Loss: 1.2570 | Val Acc: 0.5500
2026-02-02 00:59:37 | INFO | Epoch 3 | Train Loss: 1.2517 | Val Loss: 1.0803 | Val Acc: 0.6150
2026-02-02 00:59:49 | INFO | Epoch 4 | Train Loss: 0.9975 | Val Loss: 0.9803 | Val Acc: 0.6400
2026-02-02 01:00:02 | INFO | Epoch 5 | Train Loss: 0.9237 | Val Loss: 0.8622 | Val Acc: 0.6700
2026-02-02 01:00:02 | INFO | [PERSISTENCE] Model saved to: ./outputs\2026-02-02_00-55-52_DUMMY\model_P3_FashionMNIST_DUMMY.pth
2026-02-02 01:00:02 | INFO | 
========================================
2026-02-02 01:00:02 | INFO | PHASE 4 (DUMMY): DATA EFFICIENCY
2026-02-02 01:00:02 | INFO | ========================================
2026-02-02 01:00:02 | INFO | >>> Using Optimized Config from P2 for MNIST: {'dataset': 'MNIST', 'data_size': 1000, 'epochs': 5, 'time': 1.0, 'time_steps': 2, 'n_filters': 2}
2026-02-02 01:00:02 | INFO | >>> START RUN: P4_MNIST_Size_1000 | Configuration: {'dataset': 'MNIST', 'data_size': 1000, 'epochs': 5, 'time': 1.0, 'time_steps': 2, 'n_filters': 2}
2026-02-02 01:00:08 | INFO | Epoch 1 | Train Loss: 8.7935 | Val Loss: 7.3743 | Val Acc: 0.1850
2026-02-02 01:00:15 | INFO | Epoch 2 | Train Loss: 5.0918 | Val Loss: 2.3539 | Val Acc: 0.3800
2026-02-02 01:00:21 | INFO | Epoch 3 | Train Loss: 1.6648 | Val Loss: 1.4165 | Val Acc: 0.5400
2026-02-02 01:00:28 | INFO | Epoch 4 | Train Loss: 1.3848 | Val Loss: 1.2767 | Val Acc: 0.6900
2026-02-02 01:00:34 | INFO | Epoch 5 | Train Loss: 1.2040 | Val Loss: 0.9918 | Val Acc: 0.7650
2026-02-02 01:00:34 | INFO | >>> START RUN: P4_MNIST_Size_2000 | Configuration: {'dataset': 'MNIST', 'data_size': 2000, 'epochs': 5, 'time': 1.0, 'time_steps': 2, 'n_filters': 2}
2026-02-02 01:00:48 | INFO | Epoch 1 | Train Loss: 8.0417 | Val Loss: 2.6954 | Val Acc: 0.2950
2026-02-02 01:01:03 | INFO | Epoch 2 | Train Loss: 1.7790 | Val Loss: 1.5436 | Val Acc: 0.4950
2026-02-02 01:01:16 | INFO | Epoch 3 | Train Loss: 1.2407 | Val Loss: 1.0148 | Val Acc: 0.7475
2026-02-02 01:01:29 | INFO | Epoch 4 | Train Loss: 0.9668 | Val Loss: 0.7909 | Val Acc: 0.8250
2026-02-02 01:01:42 | INFO | Epoch 5 | Train Loss: 0.7787 | Val Loss: 0.6506 | Val Acc: 0.8400
2026-02-02 01:01:42 | INFO | >>> START RUN: P4_MNIST_Size_5000 | Configuration: {'dataset': 'MNIST', 'data_size': 5000, 'epochs': 5, 'time': 1.0, 'time_steps': 2, 'n_filters': 2}
2026-02-02 01:02:14 | INFO | Epoch 1 | Train Loss: 4.4619 | Val Loss: 1.1541 | Val Acc: 0.7320
2026-02-02 01:02:44 | INFO | Epoch 2 | Train Loss: 0.9154 | Val Loss: 0.5964 | Val Acc: 0.8490
2026-02-02 01:03:19 | INFO | Epoch 3 | Train Loss: 0.5727 | Val Loss: 0.4749 | Val Acc: 0.8570
2026-02-02 01:03:53 | INFO | Epoch 4 | Train Loss: 0.4835 | Val Loss: 0.4404 | Val Acc: 0.8590
2026-02-02 01:04:26 | INFO | Epoch 5 | Train Loss: 0.4516 | Val Loss: 0.3897 | Val Acc: 0.8880
2026-02-02 01:04:26 | INFO | >>> Using Optimized Config from P2 for FashionMNIST: {'dataset': 'FashionMNIST', 'data_size': 1000, 'epochs': 5, 'time': 1.0, 'time_steps': 2, 'n_filters': 2}
2026-02-02 01:04:26 | INFO | >>> START RUN: P4_FashionMNIST_Size_1000 | Configuration: {'dataset': 'FashionMNIST', 'data_size': 1000, 'epochs': 5, 'time': 1.0, 'time_steps': 2, 'n_filters': 2}
2026-02-02 01:04:33 | INFO | Epoch 1 | Train Loss: 5.5697 | Val Loss: 3.4971 | Val Acc: 0.2400
2026-02-02 01:04:39 | INFO | Epoch 2 | Train Loss: 2.3527 | Val Loss: 1.2858 | Val Acc: 0.5400
2026-02-02 01:04:46 | INFO | Epoch 3 | Train Loss: 1.2004 | Val Loss: 1.0641 | Val Acc: 0.6150
2026-02-02 01:04:52 | INFO | Epoch 4 | Train Loss: 0.9920 | Val Loss: 0.9773 | Val Acc: 0.6100
2026-02-02 01:04:58 | INFO | Epoch 5 | Train Loss: 0.9124 | Val Loss: 0.8645 | Val Acc: 0.6850
2026-02-02 01:04:58 | INFO | >>> START RUN: P4_FashionMNIST_Size_2000 | Configuration: {'dataset': 'FashionMNIST', 'data_size': 2000, 'epochs': 5, 'time': 1.0, 'time_steps': 2, 'n_filters': 2}
2026-02-02 01:05:11 | INFO | Epoch 1 | Train Loss: 5.0338 | Val Loss: 2.2028 | Val Acc: 0.5025
2026-02-02 01:05:23 | INFO | Epoch 2 | Train Loss: 1.4305 | Val Loss: 1.0306 | Val Acc: 0.6350
2026-02-02 01:05:37 | INFO | Epoch 3 | Train Loss: 0.9493 | Val Loss: 0.8315 | Val Acc: 0.6675
2026-02-02 01:05:51 | INFO | Epoch 4 | Train Loss: 0.8170 | Val Loss: 0.7527 | Val Acc: 0.7125
2026-02-02 01:06:06 | INFO | Epoch 5 | Train Loss: 0.7482 | Val Loss: 0.7056 | Val Acc: 0.7300
2026-02-02 01:06:06 | INFO | >>> START RUN: P4_FashionMNIST_Size_5000 | Configuration: {'dataset': 'FashionMNIST', 'data_size': 5000, 'epochs': 5, 'time': 1.0, 'time_steps': 2, 'n_filters': 2}
2026-02-02 01:06:39 | INFO | Epoch 1 | Train Loss: 2.3301 | Val Loss: 0.8789 | Val Acc: 0.6830
2026-02-02 01:07:12 | INFO | Epoch 2 | Train Loss: 0.8070 | Val Loss: 0.6874 | Val Acc: 0.7560
2026-02-02 01:07:45 | INFO | Epoch 3 | Train Loss: 0.6922 | Val Loss: 0.6300 | Val Acc: 0.7830
2026-02-02 01:08:17 | INFO | Epoch 4 | Train Loss: 0.6498 | Val Loss: 0.5837 | Val Acc: 0.7870
2026-02-02 01:08:50 | INFO | Epoch 5 | Train Loss: 0.6352 | Val Loss: 0.5577 | Val Acc: 0.7980
2026-02-02 01:08:50 | INFO | 
========================================
2026-02-02 01:08:50 | INFO | PHASE 5 (DUMMY): BINARY STABILITY
2026-02-02 01:08:50 | INFO | ========================================
2026-02-02 01:08:50 | INFO | >>> PROCESSING: MNIST (Binary)
2026-02-02 01:08:50 | INFO | >>> START RUN: P5_MNIST_Run_1 | Configuration: {'dataset': 'MNIST', 'data_size': 'fullset', 'epochs': 1, 'batch_size': 25, 'n_filters': 1, 'time': 1.0, 'time_steps': 1, 'binary_mode': True}
2026-02-02 01:09:10 | INFO | Epoch 1 | Train Loss: 0.1732 | Val Loss: 0.0092 | Val Acc: 0.9991
2026-02-02 01:09:11 | INFO | >>> START RUN: P5_MNIST_Run_2 | Configuration: {'dataset': 'MNIST', 'data_size': 'fullset', 'epochs': 1, 'batch_size': 25, 'n_filters': 1, 'time': 1.0, 'time_steps': 1, 'binary_mode': True}
2026-02-02 01:09:31 | INFO | Epoch 1 | Train Loss: 0.1732 | Val Loss: 0.0092 | Val Acc: 0.9991
2026-02-02 01:09:31 | INFO | >>> PROCESSING: FashionMNIST (Binary)
2026-02-02 01:09:31 | INFO | >>> START RUN: P5_FashionMNIST_Run_1 | Configuration: {'dataset': 'FashionMNIST', 'data_size': 'fullset', 'epochs': 1, 'batch_size': 25, 'n_filters': 1, 'time': 1.0, 'time_steps': 1, 'binary_mode': True}
2026-02-02 01:09:52 | INFO | Epoch 1 | Train Loss: 0.2734 | Val Loss: 0.0967 | Val Acc: 0.9620
2026-02-02 01:09:52 | INFO | >>> START RUN: P5_FashionMNIST_Run_2 | Configuration: {'dataset': 'FashionMNIST', 'data_size': 'fullset', 'epochs': 1, 'batch_size': 25, 'n_filters': 1, 'time': 1.0, 'time_steps': 1, 'binary_mode': True}
2026-02-02 01:10:11 | INFO | Epoch 1 | Train Loss: 0.2734 | Val Loss: 0.0967 | Val Acc: 0.9620
2026-02-02 01:10:11 | INFO | [PERSISTENCE] Full data saved to ./outputs\2026-02-02_00-55-52_DUMMY\final_results_DUMMY.json
2026-02-02 01:10:11 | INFO | 
[FINISH] All experiments completed. Results saved in ./outputs\2026-02-02_00-55-52_DUMMY
